<?xml version="1.0" encoding="UTF-8"?>
<!-- Generated by org.testng.reporters.JUnitXMLReporter -->
<testsuite ignored="0" hostname="INWPF28DZ9V-AAD" failures="0" tests="2" name="Default test" time="82.373" errors="0" timestamp="2021-06-12T04:22:44 IST">
  <testcase classname="io.cucumber.testng.AbstractTestNGCucumberTests" name="runScenario" time="46.393"/>
  <testcase classname="io.cucumber.testng.AbstractTestNGCucumberTests" name="runScenario" time="34.285"/>
</testsuite> <!-- Default test -->
